#! /usr/share/iverilog-0.9.7/bin/vvp
:ivl_version "0.9.7 " "(v0_9_6)";
:vpi_time_precision + 0;
:vpi_module "system";
:vpi_module "v2005_math";
:vpi_module "va_math";
S_0x1537230 .scope module, "tb" "tb" 2 1;
 .timescale 0 0;
v0x1550900_0 .net "change", 3 0, v0x15229b0_0; 1 drivers
v0x15509a0_0 .var "choice", 1 0;
v0x1550a50_0 .var "clk", 1 0;
v0x1550ad0_0 .net "delivery", 1 0, v0x1550630_0; 1 drivers
v0x1550bb0_0 .var "money", 3 0;
v0x1550c60_0 .var "reset", 1 0;
v0x1550d20_0 .net "states", 2 0, v0x1550860_0; 1 drivers
L_0x1550dd0 .part v0x1550a50_0, 0, 1;
S_0x1537320 .scope module, "v0" "vendingmachine" 2 9, 3 2, S_0x1537230;
 .timescale 0 0;
P_0x15228b8 .param/l "s0" 3 6, C4<000>;
P_0x15228e0 .param/l "s1" 3 6, C4<001>;
P_0x1522908 .param/l "s2" 3 6, C4<010>;
P_0x1522930 .param/l "s3" 3 6, C4<011>;
P_0x1522958 .param/l "s4" 3 6, C4<100>;
P_0x1522980 .param/l "s5" 3 6, C4<101>;
v0x15229b0_0 .var "change", 3 0;
v0x15504f0_0 .net "choice", 1 0, v0x15509a0_0; 1 drivers
v0x1550590_0 .net "clk", 0 0, L_0x1550dd0; 1 drivers
v0x1550630_0 .var "delivery", 1 0;
v0x15506e0_0 .net "money", 3 0, v0x1550bb0_0; 1 drivers
v0x1550780_0 .net "reset", 1 0, v0x1550c60_0; 1 drivers
v0x1550860_0 .var "states", 2 0;
E_0x15216c0 .event posedge, v0x1550590_0;
    .scope S_0x1537320;
T_0 ;
    %wait E_0x15216c0;
    %load/v 8, v0x1550860_0, 3;
    %cmpi/u 8, 0, 3;
    %jmp/1 T_0.0, 6;
    %cmpi/u 8, 1, 3;
    %jmp/1 T_0.1, 6;
    %cmpi/u 8, 3, 3;
    %jmp/1 T_0.2, 6;
    %cmpi/u 8, 4, 3;
    %jmp/1 T_0.3, 6;
    %cmpi/u 8, 5, 3;
    %jmp/1 T_0.4, 6;
    %load/v 8, v0x15504f0_0, 2;
    %cmpi/u 8, 1, 2;
    %jmp/0xz  T_0.7, 4;
    %movi 8, 1, 3;
    %ix/load 0, 3, 0;
    %assign/v0 v0x1550860_0, 0, 8;
    %ix/load 0, 2, 0;
    %assign/v0 v0x1550630_0, 0, 0;
    %ix/load 0, 4, 0;
    %assign/v0 v0x15229b0_0, 0, 0;
    %jmp T_0.8;
T_0.7 ;
    %load/v 8, v0x15504f0_0, 2;
    %cmpi/u 8, 2, 2;
    %jmp/0xz  T_0.9, 4;
    %movi 8, 4, 3;
    %ix/load 0, 3, 0;
    %assign/v0 v0x1550860_0, 0, 8;
    %ix/load 0, 2, 0;
    %assign/v0 v0x1550630_0, 0, 0;
    %ix/load 0, 4, 0;
    %assign/v0 v0x15229b0_0, 0, 0;
    %jmp T_0.10;
T_0.9 ;
    %vpi_call 3 145 "$display", " INVALID CHOICE ";
T_0.10 ;
T_0.8 ;
    %jmp T_0.6;
T_0.0 ;
    %load/v 8, v0x15504f0_0, 2;
    %cmpi/u 8, 1, 2;
    %jmp/0xz  T_0.11, 4;
    %movi 8, 1, 3;
    %ix/load 0, 3, 0;
    %assign/v0 v0x1550860_0, 0, 8;
    %ix/load 0, 2, 0;
    %assign/v0 v0x1550630_0, 0, 0;
    %ix/load 0, 4, 0;
    %assign/v0 v0x15229b0_0, 0, 0;
    %jmp T_0.12;
T_0.11 ;
    %load/v 8, v0x15504f0_0, 2;
    %cmpi/u 8, 2, 2;
    %jmp/0xz  T_0.13, 4;
    %movi 8, 4, 3;
    %ix/load 0, 3, 0;
    %assign/v0 v0x1550860_0, 0, 8;
    %ix/load 0, 2, 0;
    %assign/v0 v0x1550630_0, 0, 0;
    %ix/load 0, 4, 0;
    %assign/v0 v0x15229b0_0, 0, 0;
    %jmp T_0.14;
T_0.13 ;
    %vpi_call 3 29 "$display", " INVALID CHOICE ";
T_0.14 ;
T_0.12 ;
    %jmp T_0.6;
T_0.1 ;
    %load/v 8, v0x15506e0_0, 4;
    %cmpi/u 8, 0, 4;
    %jmp/0xz  T_0.15, 4;
    %movi 8, 1, 3;
    %ix/load 0, 3, 0;
    %assign/v0 v0x1550860_0, 0, 8;
    %ix/load 0, 2, 0;
    %assign/v0 v0x1550630_0, 0, 0;
    %ix/load 0, 4, 0;
    %assign/v0 v0x15229b0_0, 0, 0;
    %jmp T_0.16;
T_0.15 ;
    %load/v 8, v0x15506e0_0, 4;
    %cmpi/u 8, 10, 4;
    %jmp/0xz  T_0.17, 4;
    %movi 8, 3, 3;
    %ix/load 0, 3, 0;
    %assign/v0 v0x1550860_0, 0, 8;
    %movi 8, 1, 2;
    %ix/load 0, 2, 0;
    %assign/v0 v0x1550630_0, 0, 8;
    %ix/load 0, 4, 0;
    %assign/v0 v0x15229b0_0, 0, 0;
    %jmp T_0.18;
T_0.17 ;
    %load/v 8, v0x15506e0_0, 4;
    %cmpi/u 8, 5, 4;
    %jmp/0xz  T_0.19, 4;
    %movi 8, 2, 3;
    %ix/load 0, 3, 0;
    %assign/v0 v0x1550860_0, 0, 8;
    %ix/load 0, 2, 0;
    %assign/v0 v0x1550630_0, 0, 0;
    %ix/load 0, 4, 0;
    %assign/v0 v0x15229b0_0, 0, 0;
    %jmp T_0.20;
T_0.19 ;
    %vpi_call 3 53 "$display", " PUT IN A VALID DENOMINATION ";
T_0.20 ;
T_0.18 ;
T_0.16 ;
    %jmp T_0.6;
T_0.2 ;
    %load/v 8, v0x1550780_0, 2;
    %cmpi/u 8, 1, 2;
    %jmp/0xz  T_0.21, 4;
    %ix/load 0, 3, 0;
    %assign/v0 v0x1550860_0, 0, 0;
    %ix/load 0, 2, 0;
    %assign/v0 v0x1550630_0, 0, 0;
    %ix/load 0, 4, 0;
    %assign/v0 v0x15229b0_0, 0, 0;
    %jmp T_0.22;
T_0.21 ;
    %load/v 8, v0x15506e0_0, 4;
    %cmpi/u 8, 10, 4;
    %jmp/0xz  T_0.23, 4;
    %movi 8, 3, 3;
    %ix/load 0, 3, 0;
    %assign/v0 v0x1550860_0, 0, 8;
    %movi 8, 1, 2;
    %ix/load 0, 2, 0;
    %assign/v0 v0x1550630_0, 0, 8;
    %ix/load 0, 4, 0;
    %assign/v0 v0x15229b0_0, 0, 0;
    %jmp T_0.24;
T_0.23 ;
    %load/v 8, v0x15506e0_0, 4;
    %cmpi/u 8, 5, 4;
    %jmp/0xz  T_0.25, 4;
    %movi 8, 2, 3;
    %ix/load 0, 3, 0;
    %assign/v0 v0x1550860_0, 0, 8;
    %ix/load 0, 2, 0;
    %assign/v0 v0x1550630_0, 0, 0;
    %ix/load 0, 4, 0;
    %assign/v0 v0x15229b0_0, 0, 0;
    %jmp T_0.26;
T_0.25 ;
    %vpi_call 3 77 "$display", " PUT IN A VALID CHOICE ";
T_0.26 ;
T_0.24 ;
T_0.22 ;
    %jmp T_0.6;
T_0.3 ;
    %load/v 8, v0x15506e0_0, 4;
    %mov 12, 0, 1;
    %cmpi/u 8, 0, 5;
    %jmp/0xz  T_0.27, 4;
    %movi 8, 4, 3;
    %ix/load 0, 3, 0;
    %assign/v0 v0x1550860_0, 0, 8;
    %ix/load 0, 2, 0;
    %assign/v0 v0x1550630_0, 0, 0;
    %ix/load 0, 4, 0;
    %assign/v0 v0x15229b0_0, 0, 0;
    %jmp T_0.28;
T_0.27 ;
    %load/v 8, v0x15506e0_0, 4;
    %cmpi/u 8, 5, 4;
    %jmp/0xz  T_0.29, 4;
    %movi 8, 5, 3;
    %ix/load 0, 3, 0;
    %assign/v0 v0x1550860_0, 0, 8;
    %movi 8, 1, 2;
    %ix/load 0, 2, 0;
    %assign/v0 v0x1550630_0, 0, 8;
    %ix/load 0, 4, 0;
    %assign/v0 v0x15229b0_0, 0, 0;
    %jmp T_0.30;
T_0.29 ;
    %load/v 8, v0x15506e0_0, 4;
    %cmpi/u 8, 10, 4;
    %jmp/0xz  T_0.31, 4;
    %movi 8, 5, 3;
    %ix/load 0, 3, 0;
    %assign/v0 v0x1550860_0, 0, 8;
    %movi 8, 1, 2;
    %ix/load 0, 2, 0;
    %assign/v0 v0x1550630_0, 0, 8;
    %movi 8, 5, 4;
    %ix/load 0, 4, 0;
    %assign/v0 v0x15229b0_0, 0, 8;
T_0.31 ;
T_0.30 ;
T_0.28 ;
    %jmp T_0.6;
T_0.4 ;
    %load/v 8, v0x1550780_0, 2;
    %cmpi/u 8, 1, 2;
    %jmp/0xz  T_0.33, 4;
    %ix/load 0, 3, 0;
    %assign/v0 v0x1550860_0, 0, 0;
    %ix/load 0, 2, 0;
    %assign/v0 v0x1550630_0, 0, 0;
    %ix/load 0, 4, 0;
    %assign/v0 v0x15229b0_0, 0, 0;
    %jmp T_0.34;
T_0.33 ;
    %load/v 8, v0x15506e0_0, 4;
    %cmpi/u 8, 10, 4;
    %jmp/0xz  T_0.35, 4;
    %movi 8, 5, 3;
    %ix/load 0, 3, 0;
    %assign/v0 v0x1550860_0, 0, 8;
    %movi 8, 1, 2;
    %ix/load 0, 2, 0;
    %assign/v0 v0x1550630_0, 0, 8;
    %movi 8, 5, 4;
    %ix/load 0, 4, 0;
    %assign/v0 v0x15229b0_0, 0, 8;
    %jmp T_0.36;
T_0.35 ;
    %load/v 8, v0x15506e0_0, 4;
    %cmpi/u 8, 5, 4;
    %jmp/0xz  T_0.37, 4;
    %movi 8, 5, 3;
    %ix/load 0, 3, 0;
    %assign/v0 v0x1550860_0, 0, 8;
    %movi 8, 1, 2;
    %ix/load 0, 2, 0;
    %assign/v0 v0x1550630_0, 0, 8;
    %ix/load 0, 4, 0;
    %assign/v0 v0x15229b0_0, 0, 0;
    %jmp T_0.38;
T_0.37 ;
    %load/v 8, v0x15506e0_0, 4;
    %cmpi/u 8, 0, 4;
    %jmp/0xz  T_0.39, 4;
    %movi 8, 4, 3;
    %ix/load 0, 3, 0;
    %assign/v0 v0x1550860_0, 0, 8;
    %ix/load 0, 2, 0;
    %assign/v0 v0x1550630_0, 0, 0;
    %ix/load 0, 4, 0;
    %assign/v0 v0x15229b0_0, 0, 0;
    %jmp T_0.40;
T_0.39 ;
    %vpi_call 3 127 "$display", " PUT IN A VALID CHOICE ";
T_0.40 ;
T_0.38 ;
T_0.36 ;
T_0.34 ;
    %jmp T_0.6;
T_0.6 ;
    %jmp T_0;
    .thread T_0;
    .scope S_0x1537230;
T_1 ;
    %delay 5, 0;
    %load/v 8, v0x1550a50_0, 2;
    %inv 8, 2;
    %set/v v0x1550a50_0, 8, 2;
    %jmp T_1;
    .thread T_1;
    .scope S_0x1537230;
T_2 ;
    %vpi_call 2 13 "$dumpfile", "vendingmachine.vcd";
    %vpi_call 2 14 "$dumpvars", 1'sb0, S_0x1537230;
    %vpi_call 2 15 "$monitor", $time, " Money=%b Choice=%b Reset=%b State=%b Delivery=%b Change=%b ", v0x1550bb0_0, v0x15509a0_0, v0x1550c60_0, v0x1550d20_0, v0x1550ad0_0, v0x1550900_0;
    %end;
    .thread T_2;
    .scope S_0x1537230;
T_3 ;
    %ix/load 0, 2, 0;
    %assign/v0 v0x1550a50_0, 0, 0;
    %delay 5, 0;
    %movi 8, 2, 2;
    %ix/load 0, 2, 0;
    %assign/v0 v0x15509a0_0, 0, 8;
    %ix/load 0, 2, 0;
    %assign/v0 v0x1550c60_0, 0, 0;
    %delay 10, 0;
    %movi 8, 10, 4;
    %ix/load 0, 4, 0;
    %assign/v0 v0x1550bb0_0, 0, 8;
    %ix/load 0, 2, 0;
    %assign/v0 v0x1550c60_0, 0, 0;
    %delay 10, 0;
    %movi 8, 1, 2;
    %ix/load 0, 2, 0;
    %assign/v0 v0x1550c60_0, 0, 8;
    %delay 10, 0;
    %vpi_call 2 28 "$finish";
    %end;
    .thread T_3;
# The file index is used to find the file name in the following table.
:file_names 4;
    "N/A";
    "<interactive>";
    "testbench.sv";
    "design.sv";
